<?xml version="1.0" encoding="UTF-8"?>
<!-- Generated by org.testng.reporters.JUnitXMLReporter -->
<testsuite hostname="NODE154" name="myTest" tests="1" failures="1" timestamp="2 Nov 2016 08:44:59 GMT" time="13.475" errors="0">
  <testcase name="@AfterMethod afterMethod" time="0.0" classname="com.rodanandfieldsTestClasses.RodanandFieldsHomePageTest">
    <failure type="java.lang.NullPointerException">
      <![CDATA[java.lang.NullPointerException
	at com.rodanandfieldsTestClasses.RodanandFieldsHomePageTest.afterMethod(RodanandFieldsHomePageTest.java:42)
... Removed 26 stack frames]]>
    </failure>
  </testcase> <!-- @AfterMethod afterMethod -->
  <testcase name="testHomePage" time="0.005" classname="com.rodanandfieldsTestClasses.RodanandFieldsHomePageTest">
    <failure type="java.lang.NullPointerException">
      <![CDATA[java.lang.NullPointerException
	at com.rodandfields.RodanandFieldsHomePage.mousehover(RodanandFieldsHomePage.java:22)
	at com.rodanandfieldsTestClasses.RodanandFieldsHomePageTest.testHomePage(RodanandFieldsHomePageTest.java:33)
... Removed 24 stack frames]]>
    </failure>
  </testcase> <!-- testHomePage -->
</testsuite> <!-- myTest -->
